[debug] [2021-09-24T03:03:08.336Z] ----------------------------------------------------------------------
[debug] [2021-09-24T03:03:08.338Z] Command:       /usr/local/bin/node /usr/local/bin/firebase deploy
[debug] [2021-09-24T03:03:08.338Z] CLI Version:   9.18.0
[debug] [2021-09-24T03:03:08.338Z] Platform:      linux
[debug] [2021-09-24T03:03:08.338Z] Node Version:  v16.4.2
[debug] [2021-09-24T03:03:08.338Z] Time:          Fri Sep 24 2021 10:03:08 GMT+0700 (Western Indonesia Time)
[debug] [2021-09-24T03:03:08.339Z] ----------------------------------------------------------------------
[debug] 
[debug] [2021-09-24T03:03:08.377Z] > command requires scopes: ["email","openid","https://www.googleapis.com/auth/cloudplatformprojects.readonly","https://www.googleapis.com/auth/firebase","https://www.googleapis.com/auth/cloud-platform"]
[debug] [2021-09-24T03:03:08.378Z] > authorizing via signed-in user (twkoza@gmail.com)
[debug] [2021-09-24T03:03:08.378Z] [iam] checking project stocktix for permissions ["firebase.projects.get","firebasehosting.sites.update"]
[debug] [2021-09-24T03:03:08.379Z] > refreshing access token with scopes: ["email","https://www.googleapis.com/auth/cloud-platform","https://www.googleapis.com/auth/cloudplatformprojects.readonly","https://www.googleapis.com/auth/firebase","openid"]
[debug] [2021-09-24T03:03:08.379Z] >>> HTTP REQUEST POST https://www.googleapis.com/oauth2/v3/token  
 <request body omitted>
[debug] [2021-09-24T03:03:11.821Z] [iam] error while checking permissions, command may fail: FirebaseError: Authentication Error: Your credentials are no longer valid. Please run firebase login --reauth

For CI servers and headless environments, generate a new token with firebase login:ci
[debug] [2021-09-24T03:03:11.827Z] >>> [apiv2][query] GET https://firebase.googleapis.com/v1beta1/projects/stocktix [none]
[debug] [2021-09-24T03:03:11.844Z] Failed to make request to https://firebase.googleapis.com/v1beta1/projects/stocktix
[debug] [2021-09-24T03:03:11.846Z] FirebaseError: Failed to make request to https://firebase.googleapis.com/v1beta1/projects/stocktix
    at Client.doRequest (/usr/local/lib/node_modules/firebase-tools/lib/apiv2.js:211:19)
    at processTicksAndRejections (node:internal/process/task_queues:96:5)
    at async Client.request (/usr/local/lib/node_modules/firebase-tools/lib/apiv2.js:96:20)
    at async Object.getFirebaseProject (/usr/local/lib/node_modules/firebase-tools/lib/management/projects.js:290:21)
    at async Object.getDefaultHostingSite (/usr/local/lib/node_modules/firebase-tools/lib/getDefaultHostingSite.js:8:21)
    at async requireHostingSite (/usr/local/lib/node_modules/firebase-tools/lib/requireHostingSite.js:9:18)
    at async Object.fn (/usr/local/lib/node_modules/firebase-tools/lib/commands/deploy.js:65:9)
    at async /usr/local/lib/node_modules/firebase-tools/lib/command.js:188:17
[error] 
[error] Error: Failed to get Firebase project stocktix. Please make sure the project exists and your account has permission to access it.
